[2025-06-07 11:49:25] [INFO] Starting Restricted Administrative Unit creation and population script...
[2025-06-07 11:49:25] [INFO] Organization Name: MyOrg
[2025-06-07 11:49:25] [INFO] Connecting to Microsoft Graph using service principal...
[2025-06-07 11:49:25] [INFO] Using service principal authentication
[2025-06-07 11:49:26] [INFO] Connected to tenant: 3a485804-7b42-4133-b30d-a158f6738201
[2025-06-07 11:49:26] [INFO] Connected as: 
[2025-06-07 11:49:26] [INFO] Retrieving Tier groups for organization: MyOrg
[2025-06-07 11:49:27] [INFO] Found group: MyOrg-Tier0-Application-Administrator for Tier-0
[2025-06-07 11:49:27] [INFO] Found group: MyOrg-Tier0-Application-Administrator for Tier-0
[2025-06-07 11:49:27] [INFO] Found group: MyOrg-Tier0-Application-Administrator for Tier-0
[2025-06-07 11:49:27] [INFO] Found group: MyOrg-Tier0-Application-Administrator for Tier-0
[2025-06-07 11:49:27] [INFO] Found group: MyOrg-Tier0-Authentication-Administrator for Tier-0
[2025-06-07 11:49:27] [INFO] Found group: MyOrg-Tier0-Authentication-Administrator for Tier-0
[2025-06-07 11:49:27] [INFO] Found group: MyOrg-Tier0-Authentication-Administrator for Tier-0
[2025-06-07 11:49:27] [INFO] Found group: MyOrg-Tier0-Authentication-Administrator for Tier-0
[2025-06-07 11:49:27] [INFO] Found group: MyOrg-Tier0-Global-Administrator for Tier-0
[2025-06-07 11:49:27] [INFO] Found group: MyOrg-Tier0-Global-Administrator for Tier-0
[2025-06-07 11:49:27] [INFO] Found group: MyOrg-Tier0-Global-Administrator for Tier-0
[2025-06-07 11:49:27] [INFO] Found group: MyOrg-Tier0-Global-Administrator for Tier-0
[2025-06-07 11:49:27] [INFO] Found group: MyOrg-Tier0-Privileged-Authentication-Administrator for Tier-0
[2025-06-07 11:49:27] [INFO] Found group: MyOrg-Tier0-Privileged-Authentication-Administrator for Tier-0
[2025-06-07 11:49:27] [INFO] Found group: MyOrg-Tier0-Privileged-Authentication-Administrator for Tier-0
[2025-06-07 11:49:27] [INFO] Found group: MyOrg-Tier0-Privileged-Authentication-Administrator for Tier-0
[2025-06-07 11:49:27] [INFO] Found group: MyOrg-Tier0-Privileged-Role-Administrator for Tier-0
[2025-06-07 11:49:27] [INFO] Found group: MyOrg-Tier0-Privileged-Role-Administrator for Tier-0
[2025-06-07 11:49:27] [INFO] Found group: MyOrg-Tier0-Privileged-Role-Administrator for Tier-0
[2025-06-07 11:49:27] [INFO] Found group: MyOrg-Tier0-Privileged-Role-Administrator for Tier-0
[2025-06-07 11:49:27] [INFO] Found group: MyOrg-Tier0-Unknown for Tier-0
[2025-06-07 11:49:27] [INFO] Found group: MyOrg-Tier0-Unknown for Tier-0
[2025-06-07 11:49:27] [INFO] Found group: MyOrg-Tier0-Unknown for Tier-0
[2025-06-07 11:49:27] [INFO] Found group: MyOrg-Tier0-Unknown for Tier-0
[2025-06-07 11:49:27] [INFO] Found group: MyOrg-Tier0-Unknown for Tier-0
[2025-06-07 11:49:27] [INFO] Found group: MyOrg-Tier0-Unknown for Tier-0
[2025-06-07 11:49:27] [INFO] Found group: MyOrg-Tier0-Unknown for Tier-0
[2025-06-07 11:49:27] [INFO] Found group: MyOrg-Tier0-Unknown for Tier-0
[2025-06-07 11:49:27] [INFO] Found group: MyOrg-Tier0-Unknown for Tier-0
[2025-06-07 11:49:27] [INFO] Found group: MyOrg-Tier0-Unknown for Tier-0
[2025-06-07 11:49:27] [INFO] Found group: MyOrg-Tier0-Unknown for Tier-0
[2025-06-07 11:49:27] [INFO] Found group: MyOrg-Tier0-Unknown for Tier-0
[2025-06-07 11:49:27] [INFO] Found group: MyOrg-Tier0-Unknown for Tier-0
[2025-06-07 11:49:27] [INFO] Found group: MyOrg-Tier0-Unknown for Tier-0
[2025-06-07 11:49:27] [INFO] Found group: MyOrg-Tier1-Cloud-Application-Administrator for Tier-1
[2025-06-07 11:49:27] [INFO] Found group: MyOrg-Tier1-Cloud-Application-Administrator for Tier-1
[2025-06-07 11:49:27] [INFO] Found group: MyOrg-Tier1-Cloud-Application-Administrator for Tier-1
[2025-06-07 11:49:27] [INFO] Found group: MyOrg-Tier1-Cloud-Application-Administrator for Tier-1
[2025-06-07 11:49:27] [INFO] Found group: MyOrg-Tier1-Intune-Administrator for Tier-1
[2025-06-07 11:49:27] [INFO] Found group: MyOrg-Tier1-Intune-Administrator for Tier-1
[2025-06-07 11:49:27] [INFO] Found group: MyOrg-Tier1-Intune-Administrator for Tier-1
[2025-06-07 11:49:27] [INFO] Found group: MyOrg-Tier1-Intune-Administrator for Tier-1
[2025-06-07 11:49:27] [INFO] Found group: MyOrg-Tier1-Unknown for Tier-1
[2025-06-07 11:49:27] [INFO] Found group: MyOrg-Tier1-Unknown for Tier-1
[2025-06-07 11:49:27] [INFO] Found group: MyOrg-Tier1-Unknown for Tier-1
[2025-06-07 11:49:27] [INFO] Found group: MyOrg-Tier1-Unknown for Tier-1
[2025-06-07 11:49:27] [INFO] Found group: MyOrg-Tier1-Unknown for Tier-1
[2025-06-07 11:49:27] [INFO] Found group: MyOrg-Tier1-Unknown for Tier-1
[2025-06-07 11:49:27] [INFO] Found group: MyOrg-Tier1-Unknown for Tier-1
[2025-06-07 11:49:27] [INFO] Found group: MyOrg-Tier1-Unknown for Tier-1
[2025-06-07 11:49:27] [INFO] Found group: MyOrg-Tier1-Unknown for Tier-1
[2025-06-07 11:49:27] [INFO] Found group: MyOrg-Tier1-Unknown for Tier-1
[2025-06-07 11:49:27] [INFO] Found group: MyOrg-Tier1-Unknown for Tier-1
[2025-06-07 11:49:27] [INFO] Found group: MyOrg-Tier1-Unknown for Tier-1
[2025-06-07 11:49:27] [INFO] Found group: MyOrg-Tier1-Unknown for Tier-1
[2025-06-07 11:49:27] [INFO] Found group: MyOrg-Tier1-Unknown for Tier-1
[2025-06-07 11:49:27] [INFO] Found group: MyOrg-Tier1-Unknown for Tier-1
[2025-06-07 11:49:27] [INFO] Found group: MyOrg-Tier1-Unknown for Tier-1
[2025-06-07 11:49:27] [INFO] Found group: MyOrg-Tier1-Unknown for Tier-1
[2025-06-07 11:49:27] [INFO] Found group: MyOrg-Tier1-Unknown for Tier-1
[2025-06-07 11:49:27] [INFO] Found group: MyOrg-Tier1-Unknown for Tier-1
[2025-06-07 11:49:27] [INFO] Found group: MyOrg-Tier1-Unknown for Tier-1
[2025-06-07 11:49:27] [INFO] Found group: MyOrg-Tier1-Unknown for Tier-1
[2025-06-07 11:49:27] [INFO] Found group: MyOrg-Tier1-Unknown for Tier-1
[2025-06-07 11:49:27] [INFO] Found group: MyOrg-Tier1-Unknown for Tier-1
[2025-06-07 11:49:27] [INFO] Found group: MyOrg-Tier1-Unknown for Tier-1
[2025-06-07 11:49:27] [INFO] Found group: MyOrg-Tier1-Unknown for Tier-1
[2025-06-07 11:49:27] [INFO] Found group: MyOrg-Tier1-Unknown for Tier-1
[2025-06-07 11:49:27] [INFO] Found group: MyOrg-Tier1-Unknown for Tier-1
[2025-06-07 11:49:27] [INFO] Found group: MyOrg-Tier1-Unknown for Tier-1
[2025-06-07 11:49:27] [INFO] Found group: MyOrg-Tier1-Unknown for Tier-1
[2025-06-07 11:49:27] [INFO] Found group: MyOrg-Tier2-Directory-Readers for Tier-2
[2025-06-07 11:49:27] [INFO] Found group: MyOrg-Tier2-Directory-Readers for Tier-2
[2025-06-07 11:49:27] [INFO] Found group: MyOrg-Tier2-Directory-Readers for Tier-2
[2025-06-07 11:49:27] [INFO] Found group: MyOrg-Tier2-Directory-Readers for Tier-2
[2025-06-07 11:49:27] [INFO] Found group: MyOrg-Tier2-Helpdesk-Administrator for Tier-2
[2025-06-07 11:49:27] [INFO] Found group: MyOrg-Tier2-Helpdesk-Administrator for Tier-2
[2025-06-07 11:49:27] [INFO] Found group: MyOrg-Tier2-Helpdesk-Administrator for Tier-2
[2025-06-07 11:49:27] [INFO] Found group: MyOrg-Tier2-Helpdesk-Administrator for Tier-2
[2025-06-07 11:49:27] [INFO] Found group: MyOrg-Tier2-Message-Center-Reader for Tier-2
[2025-06-07 11:49:27] [INFO] Found group: MyOrg-Tier2-Message-Center-Reader for Tier-2
[2025-06-07 11:49:27] [INFO] Found group: MyOrg-Tier2-Message-Center-Reader for Tier-2
[2025-06-07 11:49:27] [INFO] Found group: MyOrg-Tier2-Message-Center-Reader for Tier-2
[2025-06-07 11:49:27] [INFO] Found group: MyOrg-Tier2-Password-Administrator for Tier-2
[2025-06-07 11:49:27] [INFO] Found group: MyOrg-Tier2-Password-Administrator for Tier-2
[2025-06-07 11:49:27] [INFO] Found group: MyOrg-Tier2-Password-Administrator for Tier-2
[2025-06-07 11:49:27] [INFO] Found group: MyOrg-Tier2-Password-Administrator for Tier-2
[2025-06-07 11:49:27] [INFO] Found group: MyOrg-Tier2-Reports-Reader for Tier-2
[2025-06-07 11:49:27] [INFO] Found group: MyOrg-Tier2-Reports-Reader for Tier-2
[2025-06-07 11:49:27] [INFO] Found group: MyOrg-Tier2-Reports-Reader for Tier-2
[2025-06-07 11:49:27] [INFO] Found group: MyOrg-Tier2-Reports-Reader for Tier-2
[2025-06-07 11:49:27] [INFO] Found group: MyOrg-Tier2-Unknown for Tier-2
[2025-06-07 11:49:27] [INFO] Found group: MyOrg-Tier2-Unknown for Tier-2
[2025-06-07 11:49:27] [INFO] Found group: MyOrg-Tier2-Unknown for Tier-2
[2025-06-07 11:49:27] [INFO] Found group: MyOrg-Tier2-Unknown for Tier-2
[2025-06-07 11:49:27] [INFO] Found group: MyOrg-Tier2-Unknown for Tier-2
[2025-06-07 11:49:27] [INFO] Found group: MyOrg-Tier2-Unknown for Tier-2
[2025-06-07 11:49:27] [INFO] Found group: MyOrg-Tier2-Unknown for Tier-2
[2025-06-07 11:49:27] [INFO] Found group: MyOrg-Tier2-Unknown for Tier-2
[2025-06-07 11:49:27] [INFO] Found group: MyOrg-Tier2-Unknown for Tier-2
[2025-06-07 11:49:27] [INFO] Found group: MyOrg-Tier2-Unknown for Tier-2
[2025-06-07 11:49:27] [INFO] Found group: MyOrg-Tier2-Unknown for Tier-2
[2025-06-07 11:49:27] [INFO] Found group: MyOrg-Tier2-Unknown for Tier-2
[2025-06-07 11:49:27] [INFO] Found group: MyOrg-Tier2-Unknown for Tier-2
[2025-06-07 11:49:27] [INFO] Found group: MyOrg-Tier2-Unknown for Tier-2
[2025-06-07 11:49:27] [INFO] Found group: MyOrg-Tier2-Unknown for Tier-2
[2025-06-07 11:49:27] [INFO] Found group: MyOrg-Tier2-Unknown for Tier-2
[2025-06-07 11:49:27] [INFO] Found group: MyOrg-Tier2-Unknown for Tier-2
[2025-06-07 11:49:27] [INFO] Found group: MyOrg-Tier2-Unknown for Tier-2
[2025-06-07 11:49:27] [INFO] Found group: MyOrg-Tier2-Unknown for Tier-2
[2025-06-07 11:49:27] [INFO] Found group: MyOrg-Tier2-Unknown for Tier-2
[2025-06-07 11:49:27] [INFO] Found group: MyOrg-Tier2-Unknown for Tier-2
[2025-06-07 11:49:27] [INFO] Found group: MyOrg-Tier2-Unknown for Tier-2
[2025-06-07 11:49:27] [INFO] Found group: MyOrg-Tier2-Unknown for Tier-2
[2025-06-07 11:49:27] [INFO] Found group: MyOrg-Tier2-User-Administrator for Tier-2
[2025-06-07 11:49:27] [INFO] Found group: MyOrg-Tier2-User-Administrator for Tier-2
[2025-06-07 11:49:27] [INFO] Found group: MyOrg-Tier2-User-Administrator for Tier-2
[2025-06-07 11:49:27] [INFO] Found group: MyOrg-Tier2-User-Administrator for Tier-2
[2025-06-07 11:49:27] [INFO] Group summary:
[2025-06-07 11:49:27] [INFO]   Tier-2: 47 groups
[2025-06-07 11:49:27] [INFO]   Tier-0: 34 groups
[2025-06-07 11:49:27] [INFO]   Tier-1: 37 groups
[2025-06-07 11:49:27] [INFO] Processing Administrative Unit: Tier-0
[2025-06-07 11:49:27] [INFO] Creating Restricted Administrative Unit: Tier-0
[2025-06-07 11:49:27] [INFO] Creating new restricted AU: Tier-0
[2025-06-07 11:49:27] [INFO] Successfully created Restricted Administrative Unit: Tier-0 (ID: 6d3f49d3-2d0e-41ca-9b35-fe3adfa051ad)
[2025-06-07 11:49:27] [INFO] Verification - IsMemberManagementRestricted: True
[2025-06-07 11:49:27] [INFO] Setting enhanced permissions for AU: Tier-0
[2025-06-07 11:49:27] [INFO] Set visibility to 'HiddenMembership' and enabled restricted management for Tier-0
[2025-06-07 11:49:27] [INFO] Adding 34 groups to Tier-0
[2025-06-07 11:49:28] [INFO] Successfully added group 'MyOrg-Tier0-Application-Administrator' to AU 'Tier-0'
[2025-06-07 11:49:28] [INFO] Successfully added group 'MyOrg-Tier0-Application-Administrator' to AU 'Tier-0'
[2025-06-07 11:49:28] [INFO] Successfully added group 'MyOrg-Tier0-Application-Administrator' to AU 'Tier-0'
[2025-06-07 11:49:28] [INFO] Successfully added group 'MyOrg-Tier0-Application-Administrator' to AU 'Tier-0'
[2025-06-07 11:49:28] [INFO] Successfully added group 'MyOrg-Tier0-Authentication-Administrator' to AU 'Tier-0'
[2025-06-07 11:49:29] [INFO] Successfully added group 'MyOrg-Tier0-Authentication-Administrator' to AU 'Tier-0'
[2025-06-07 11:49:29] [INFO] Successfully added group 'MyOrg-Tier0-Authentication-Administrator' to AU 'Tier-0'
[2025-06-07 11:49:29] [INFO] Successfully added group 'MyOrg-Tier0-Authentication-Administrator' to AU 'Tier-0'
[2025-06-07 11:49:29] [INFO] Successfully added group 'MyOrg-Tier0-Global-Administrator' to AU 'Tier-0'
[2025-06-07 11:49:30] [INFO] Successfully added group 'MyOrg-Tier0-Global-Administrator' to AU 'Tier-0'
[2025-06-07 11:49:30] [INFO] Successfully added group 'MyOrg-Tier0-Global-Administrator' to AU 'Tier-0'
[2025-06-07 11:49:30] [INFO] Successfully added group 'MyOrg-Tier0-Global-Administrator' to AU 'Tier-0'
[2025-06-07 11:49:30] [INFO] Successfully added group 'MyOrg-Tier0-Privileged-Authentication-Administrator' to AU 'Tier-0'
[2025-06-07 11:49:30] [INFO] Successfully added group 'MyOrg-Tier0-Privileged-Authentication-Administrator' to AU 'Tier-0'
[2025-06-07 11:49:31] [INFO] Successfully added group 'MyOrg-Tier0-Privileged-Authentication-Administrator' to AU 'Tier-0'
[2025-06-07 11:49:31] [INFO] Successfully added group 'MyOrg-Tier0-Privileged-Authentication-Administrator' to AU 'Tier-0'
[2025-06-07 11:49:31] [INFO] Successfully added group 'MyOrg-Tier0-Privileged-Role-Administrator' to AU 'Tier-0'
[2025-06-07 11:49:31] [INFO] Successfully added group 'MyOrg-Tier0-Privileged-Role-Administrator' to AU 'Tier-0'
[2025-06-07 11:49:32] [INFO] Successfully added group 'MyOrg-Tier0-Privileged-Role-Administrator' to AU 'Tier-0'
[2025-06-07 11:49:32] [INFO] Successfully added group 'MyOrg-Tier0-Privileged-Role-Administrator' to AU 'Tier-0'
[2025-06-07 11:49:32] [INFO] Successfully added group 'MyOrg-Tier0-Unknown' to AU 'Tier-0'
[2025-06-07 11:49:32] [INFO] Successfully added group 'MyOrg-Tier0-Unknown' to AU 'Tier-0'
[2025-06-07 11:49:32] [INFO] Successfully added group 'MyOrg-Tier0-Unknown' to AU 'Tier-0'
[2025-06-07 11:49:33] [INFO] Successfully added group 'MyOrg-Tier0-Unknown' to AU 'Tier-0'
[2025-06-07 11:49:33] [INFO] Successfully added group 'MyOrg-Tier0-Unknown' to AU 'Tier-0'
[2025-06-07 11:49:33] [INFO] Successfully added group 'MyOrg-Tier0-Unknown' to AU 'Tier-0'
[2025-06-07 11:49:34] [INFO] Successfully added group 'MyOrg-Tier0-Unknown' to AU 'Tier-0'
[2025-06-07 11:49:34] [INFO] Successfully added group 'MyOrg-Tier0-Unknown' to AU 'Tier-0'
[2025-06-07 11:49:34] [INFO] Successfully added group 'MyOrg-Tier0-Unknown' to AU 'Tier-0'
[2025-06-07 11:49:34] [INFO] Successfully added group 'MyOrg-Tier0-Unknown' to AU 'Tier-0'
[2025-06-07 11:49:34] [INFO] Successfully added group 'MyOrg-Tier0-Unknown' to AU 'Tier-0'
[2025-06-07 11:49:35] [INFO] Successfully added group 'MyOrg-Tier0-Unknown' to AU 'Tier-0'
[2025-06-07 11:49:35] [INFO] Successfully added group 'MyOrg-Tier0-Unknown' to AU 'Tier-0'
[2025-06-07 11:49:35] [INFO] Successfully added group 'MyOrg-Tier0-Unknown' to AU 'Tier-0'
[2025-06-07 11:49:35] [INFO] Processing Administrative Unit: Tier-1
[2025-06-07 11:49:35] [INFO] Creating Restricted Administrative Unit: Tier-1
[2025-06-07 11:49:35] [INFO] Creating new restricted AU: Tier-1
[2025-06-07 11:49:35] [INFO] Successfully created Restricted Administrative Unit: Tier-1 (ID: 2c8abd5d-6b86-4c5e-a3ab-532f8e365f80)
[2025-06-07 11:49:35] [INFO] Verification - IsMemberManagementRestricted: True
[2025-06-07 11:49:35] [INFO] Setting enhanced permissions for AU: Tier-1
[2025-06-07 11:49:35] [INFO] Set visibility to 'HiddenMembership' and enabled restricted management for Tier-1
[2025-06-07 11:49:35] [INFO] Adding 37 groups to Tier-1
[2025-06-07 11:49:36] [INFO] Successfully added group 'MyOrg-Tier1-Cloud-Application-Administrator' to AU 'Tier-1'
[2025-06-07 11:49:36] [INFO] Successfully added group 'MyOrg-Tier1-Cloud-Application-Administrator' to AU 'Tier-1'
[2025-06-07 11:49:36] [INFO] Successfully added group 'MyOrg-Tier1-Cloud-Application-Administrator' to AU 'Tier-1'
[2025-06-07 11:49:36] [INFO] Successfully added group 'MyOrg-Tier1-Cloud-Application-Administrator' to AU 'Tier-1'
[2025-06-07 11:49:36] [INFO] Successfully added group 'MyOrg-Tier1-Intune-Administrator' to AU 'Tier-1'
[2025-06-07 11:49:37] [INFO] Successfully added group 'MyOrg-Tier1-Intune-Administrator' to AU 'Tier-1'
[2025-06-07 11:49:37] [INFO] Successfully added group 'MyOrg-Tier1-Intune-Administrator' to AU 'Tier-1'
[2025-06-07 11:49:37] [INFO] Successfully added group 'MyOrg-Tier1-Intune-Administrator' to AU 'Tier-1'
[2025-06-07 11:49:37] [INFO] Successfully added group 'MyOrg-Tier1-Unknown' to AU 'Tier-1'
[2025-06-07 11:49:37] [INFO] Successfully added group 'MyOrg-Tier1-Unknown' to AU 'Tier-1'
[2025-06-07 11:49:38] [INFO] Successfully added group 'MyOrg-Tier1-Unknown' to AU 'Tier-1'
[2025-06-07 11:49:38] [INFO] Successfully added group 'MyOrg-Tier1-Unknown' to AU 'Tier-1'
[2025-06-07 11:49:38] [INFO] Successfully added group 'MyOrg-Tier1-Unknown' to AU 'Tier-1'
[2025-06-07 11:49:38] [INFO] Successfully added group 'MyOrg-Tier1-Unknown' to AU 'Tier-1'
[2025-06-07 11:49:38] [INFO] Successfully added group 'MyOrg-Tier1-Unknown' to AU 'Tier-1'
[2025-06-07 11:49:39] [INFO] Successfully added group 'MyOrg-Tier1-Unknown' to AU 'Tier-1'
[2025-06-07 11:49:39] [INFO] Successfully added group 'MyOrg-Tier1-Unknown' to AU 'Tier-1'
[2025-06-07 11:49:39] [INFO] Successfully added group 'MyOrg-Tier1-Unknown' to AU 'Tier-1'
[2025-06-07 11:49:39] [INFO] Successfully added group 'MyOrg-Tier1-Unknown' to AU 'Tier-1'
[2025-06-07 11:49:39] [INFO] Successfully added group 'MyOrg-Tier1-Unknown' to AU 'Tier-1'
[2025-06-07 11:49:40] [INFO] Successfully added group 'MyOrg-Tier1-Unknown' to AU 'Tier-1'
[2025-06-07 11:49:40] [INFO] Successfully added group 'MyOrg-Tier1-Unknown' to AU 'Tier-1'
[2025-06-07 11:49:40] [INFO] Successfully added group 'MyOrg-Tier1-Unknown' to AU 'Tier-1'
[2025-06-07 11:49:40] [INFO] Successfully added group 'MyOrg-Tier1-Unknown' to AU 'Tier-1'
[2025-06-07 11:49:41] [INFO] Successfully added group 'MyOrg-Tier1-Unknown' to AU 'Tier-1'
[2025-06-07 11:49:41] [INFO] Successfully added group 'MyOrg-Tier1-Unknown' to AU 'Tier-1'
[2025-06-07 11:49:41] [INFO] Successfully added group 'MyOrg-Tier1-Unknown' to AU 'Tier-1'
[2025-06-07 11:49:41] [INFO] Successfully added group 'MyOrg-Tier1-Unknown' to AU 'Tier-1'
[2025-06-07 11:49:41] [INFO] Successfully added group 'MyOrg-Tier1-Unknown' to AU 'Tier-1'
[2025-06-07 11:49:42] [INFO] Successfully added group 'MyOrg-Tier1-Unknown' to AU 'Tier-1'
[2025-06-07 11:49:42] [INFO] Successfully added group 'MyOrg-Tier1-Unknown' to AU 'Tier-1'
[2025-06-07 11:49:42] [INFO] Successfully added group 'MyOrg-Tier1-Unknown' to AU 'Tier-1'
[2025-06-07 11:49:42] [INFO] Successfully added group 'MyOrg-Tier1-Unknown' to AU 'Tier-1'
[2025-06-07 11:49:43] [INFO] Successfully added group 'MyOrg-Tier1-Unknown' to AU 'Tier-1'
[2025-06-07 11:49:43] [INFO] Successfully added group 'MyOrg-Tier1-Unknown' to AU 'Tier-1'
[2025-06-07 11:49:43] [INFO] Successfully added group 'MyOrg-Tier1-Unknown' to AU 'Tier-1'
[2025-06-07 11:49:43] [INFO] Successfully added group 'MyOrg-Tier1-Unknown' to AU 'Tier-1'
[2025-06-07 11:49:43] [INFO] Processing Administrative Unit: Tier-2
[2025-06-07 11:49:43] [INFO] Creating Restricted Administrative Unit: Tier-2
[2025-06-07 11:49:43] [INFO] Creating new restricted AU: Tier-2
[2025-06-07 11:49:43] [INFO] Successfully created Restricted Administrative Unit: Tier-2 (ID: 878a57bb-b5c1-4a52-a844-3888e4f956e2)
[2025-06-07 11:49:43] [INFO] Verification - IsMemberManagementRestricted: True
[2025-06-07 11:49:43] [INFO] Setting enhanced permissions for AU: Tier-2
[2025-06-07 11:49:43] [INFO] Set visibility to 'Public' and enabled restricted management for Tier-2
[2025-06-07 11:49:43] [INFO] Adding 47 groups to Tier-2
[2025-06-07 11:49:44] [INFO] Successfully added group 'MyOrg-Tier2-Directory-Readers' to AU 'Tier-2'
[2025-06-07 11:49:44] [INFO] Successfully added group 'MyOrg-Tier2-Directory-Readers' to AU 'Tier-2'
[2025-06-07 11:49:44] [INFO] Successfully added group 'MyOrg-Tier2-Directory-Readers' to AU 'Tier-2'
[2025-06-07 11:49:44] [INFO] Successfully added group 'MyOrg-Tier2-Directory-Readers' to AU 'Tier-2'
[2025-06-07 11:49:44] [INFO] Successfully added group 'MyOrg-Tier2-Helpdesk-Administrator' to AU 'Tier-2'
[2025-06-07 11:49:45] [INFO] Successfully added group 'MyOrg-Tier2-Helpdesk-Administrator' to AU 'Tier-2'
[2025-06-07 11:49:45] [INFO] Successfully added group 'MyOrg-Tier2-Helpdesk-Administrator' to AU 'Tier-2'
[2025-06-07 11:49:45] [INFO] Successfully added group 'MyOrg-Tier2-Helpdesk-Administrator' to AU 'Tier-2'
[2025-06-07 11:49:45] [INFO] Successfully added group 'MyOrg-Tier2-Message-Center-Reader' to AU 'Tier-2'
[2025-06-07 11:49:45] [INFO] Successfully added group 'MyOrg-Tier2-Message-Center-Reader' to AU 'Tier-2'
[2025-06-07 11:49:46] [INFO] Successfully added group 'MyOrg-Tier2-Message-Center-Reader' to AU 'Tier-2'
[2025-06-07 11:49:46] [INFO] Successfully added group 'MyOrg-Tier2-Message-Center-Reader' to AU 'Tier-2'
[2025-06-07 11:49:46] [INFO] Successfully added group 'MyOrg-Tier2-Password-Administrator' to AU 'Tier-2'
[2025-06-07 11:49:46] [INFO] Successfully added group 'MyOrg-Tier2-Password-Administrator' to AU 'Tier-2'
[2025-06-07 11:49:46] [INFO] Successfully added group 'MyOrg-Tier2-Password-Administrator' to AU 'Tier-2'
[2025-06-07 11:49:47] [INFO] Successfully added group 'MyOrg-Tier2-Password-Administrator' to AU 'Tier-2'
[2025-06-07 11:49:47] [INFO] Successfully added group 'MyOrg-Tier2-Reports-Reader' to AU 'Tier-2'
[2025-06-07 11:49:47] [INFO] Successfully added group 'MyOrg-Tier2-Reports-Reader' to AU 'Tier-2'
[2025-06-07 11:49:47] [INFO] Successfully added group 'MyOrg-Tier2-Reports-Reader' to AU 'Tier-2'
[2025-06-07 11:49:47] [INFO] Successfully added group 'MyOrg-Tier2-Reports-Reader' to AU 'Tier-2'
[2025-06-07 11:49:48] [INFO] Successfully added group 'MyOrg-Tier2-Unknown' to AU 'Tier-2'
[2025-06-07 11:49:48] [INFO] Successfully added group 'MyOrg-Tier2-Unknown' to AU 'Tier-2'
[2025-06-07 11:49:48] [INFO] Successfully added group 'MyOrg-Tier2-Unknown' to AU 'Tier-2'
[2025-06-07 11:49:48] [INFO] Successfully added group 'MyOrg-Tier2-Unknown' to AU 'Tier-2'
[2025-06-07 11:49:48] [INFO] Successfully added group 'MyOrg-Tier2-Unknown' to AU 'Tier-2'
[2025-06-07 11:49:49] [INFO] Successfully added group 'MyOrg-Tier2-Unknown' to AU 'Tier-2'
[2025-06-07 11:49:49] [INFO] Successfully added group 'MyOrg-Tier2-Unknown' to AU 'Tier-2'
[2025-06-07 11:49:49] [INFO] Successfully added group 'MyOrg-Tier2-Unknown' to AU 'Tier-2'
[2025-06-07 11:49:49] [INFO] Successfully added group 'MyOrg-Tier2-Unknown' to AU 'Tier-2'
[2025-06-07 11:49:50] [INFO] Successfully added group 'MyOrg-Tier2-Unknown' to AU 'Tier-2'
[2025-06-07 11:49:50] [INFO] Successfully added group 'MyOrg-Tier2-Unknown' to AU 'Tier-2'
[2025-06-07 11:49:50] [INFO] Successfully added group 'MyOrg-Tier2-Unknown' to AU 'Tier-2'
[2025-06-07 11:49:50] [INFO] Successfully added group 'MyOrg-Tier2-Unknown' to AU 'Tier-2'
[2025-06-07 11:49:50] [INFO] Successfully added group 'MyOrg-Tier2-Unknown' to AU 'Tier-2'
[2025-06-07 11:49:51] [INFO] Successfully added group 'MyOrg-Tier2-Unknown' to AU 'Tier-2'
[2025-06-07 11:49:51] [INFO] Successfully added group 'MyOrg-Tier2-Unknown' to AU 'Tier-2'
[2025-06-07 11:49:51] [INFO] Successfully added group 'MyOrg-Tier2-Unknown' to AU 'Tier-2'
[2025-06-07 11:49:51] [INFO] Successfully added group 'MyOrg-Tier2-Unknown' to AU 'Tier-2'
[2025-06-07 11:49:51] [INFO] Successfully added group 'MyOrg-Tier2-Unknown' to AU 'Tier-2'
[2025-06-07 11:49:52] [INFO] Successfully added group 'MyOrg-Tier2-Unknown' to AU 'Tier-2'
[2025-06-07 11:49:52] [INFO] Successfully added group 'MyOrg-Tier2-Unknown' to AU 'Tier-2'
[2025-06-07 11:49:52] [INFO] Successfully added group 'MyOrg-Tier2-Unknown' to AU 'Tier-2'
[2025-06-07 11:49:52] [INFO] Successfully added group 'MyOrg-Tier2-Unknown' to AU 'Tier-2'
[2025-06-07 11:49:53] [INFO] Successfully added group 'MyOrg-Tier2-User-Administrator' to AU 'Tier-2'
[2025-06-07 11:49:53] [INFO] Successfully added group 'MyOrg-Tier2-User-Administrator' to AU 'Tier-2'
[2025-06-07 11:49:53] [INFO] Successfully added group 'MyOrg-Tier2-User-Administrator' to AU 'Tier-2'
[2025-06-07 11:49:53] [INFO] Successfully added group 'MyOrg-Tier2-User-Administrator' to AU 'Tier-2'
[2025-06-07 11:49:53] [INFO] Restricted Administrative Unit creation and population completed
[2025-06-07 11:49:53] [INFO] Created/Updated 3 Administrative Units:
[2025-06-07 11:49:53] [INFO]   - Tier-0 (ID: 6d3f49d3-2d0e-41ca-9b35-fe3adfa051ad) - Members: 34
[2025-06-07 11:49:53] [INFO]   - Tier-1 (ID: 2c8abd5d-6b86-4c5e-a3ab-532f8e365f80) - Members: 37
[2025-06-07 11:49:54] [INFO]   - Tier-2 (ID: 878a57bb-b5c1-4a52-a844-3888e4f956e2) - Members: 47
[2025-06-07 11:49:54] [INFO] Script execution completed successfully
[2025-06-07 11:49:54] [INFO] Disconnected from Microsoft Graph
[2025-06-07 11:49:54] [INFO] Log file saved to: create-restricted-aus-20250607-114925.log
